<?xml version="1.0" encoding="UTF-8"?>
<!-- Generated by org.testng.reporters.JUnitReportReporter -->
<testsuite skipped="5" hostname="Codys-Mac.local" name="test.tests.EventModule.Tests" tests="6" failures="0" timestamp="05 Mar 2018 06:46:24 GMT" time="0.001" errors="1">
  <testcase name="browserConfig" time="0.001" classname="test.tests.EventModule.Tests">
    <error type="java.lang.NullPointerException">
      <![CDATA[java.lang.NullPointerExceptionat test.config.General.JsonFileConfig.getAutoLog(JsonFileConfig.java:75)at test.config.SeleniumConfig.BrowserConfig.browserConfig(BrowserConfig.java:37)at sun.reflect.NativeMethodAccessorImpl.invoke0(Native Method)at sun.reflect.NativeMethodAccessorImpl.invoke(NativeMethodAccessorImpl.java:62)at sun.reflect.DelegatingMethodAccessorImpl.invoke(DelegatingMethodAccessorImpl.java:43)at java.lang.reflect.Method.invoke(Method.java:498)at org.testng.internal.MethodInvocationHelper.invokeMethod(MethodInvocationHelper.java:124)at org.testng.internal.MethodInvocationHelper.invokeMethodConsideringTimeout(MethodInvocationHelper.java:59)at org.testng.internal.Invoker.invokeConfigurationMethod(Invoker.java:451)at org.testng.internal.Invoker.invokeConfigurations(Invoker.java:222)at org.testng.internal.Invoker.invokeMethod(Invoker.java:516)at org.testng.internal.Invoker.invokeTestMethod(Invoker.java:707)at org.testng.internal.Invoker.invokeTestMethods(Invoker.java:979)at org.testng.internal.TestMethodWorker.invokeTestMethods(TestMethodWorker.java:125)at org.testng.internal.TestMethodWorker.run(TestMethodWorker.java:109)at java.util.concurrent.ThreadPoolExecutor.runWorker(ThreadPoolExecutor.java:1149)at java.util.concurrent.ThreadPoolExecutor$Worker.run(ThreadPoolExecutor.java:624)at java.lang.Thread.run(Thread.java:748)]]>
    </error>
  </testcase> <!-- browserConfig -->
  <testcase name="TC_04" time="0.000" classname="test.tests.EventModule.Tests">
    <skipped/>
  </testcase> <!-- TC_04 -->
  <testcase name="TC_03" time="0.000" classname="test.tests.EventModule.Tests">
    <skipped/>
  </testcase> <!-- TC_03 -->
  <testcase name="TC_07" time="0.000" classname="test.tests.EventModule.Tests">
    <skipped/>
  </testcase> <!-- TC_07 -->
  <testcase name="TC_01" time="0.000" classname="test.tests.EventModule.Tests">
    <skipped/>
  </testcase> <!-- TC_01 -->
  <testcase name="TC_02" time="0.000" classname="test.tests.EventModule.Tests">
    <skipped/>
  </testcase> <!-- TC_02 -->
</testsuite> <!-- test.tests.EventModule.Tests -->
